d:\source\c++\desktop\semestrovaya\semestrovaya\x64\debug\vc143.pdb
d:\source\c++\desktop\semestrovaya\semestrovaya\x64\debug\.netframework,version=v4.7.2.assemblyattributes.obj
d:\source\c++\desktop\semestrovaya\semestrovaya\x64\debug\userdata.obj
d:\source\c++\desktop\semestrovaya\semestrovaya\x64\debug\newuserphone.obj
d:\source\c++\desktop\semestrovaya\semestrovaya\x64\debug\mainwindow.obj
d:\source\c++\desktop\semestrovaya\semestrovaya\x64\debug\linkedlist.obj
d:\source\c++\desktop\semestrovaya\x64\debug\semestrovaya.exe
d:\source\c++\desktop\semestrovaya\x64\debug\semestrovaya.pdb
d:\source\c++\desktop\semestrovaya\semestrovaya\x64\debug\semestrovaya.tlog\cl.command.1.tlog
d:\source\c++\desktop\semestrovaya\semestrovaya\x64\debug\semestrovaya.tlog\cl.items.tlog
d:\source\c++\desktop\semestrovaya\semestrovaya\x64\debug\semestrovaya.tlog\cl.read.1.tlog
d:\source\c++\desktop\semestrovaya\semestrovaya\x64\debug\semestrovaya.tlog\cl.write.1.tlog
d:\source\c++\desktop\semestrovaya\semestrovaya\x64\debug\semestrovaya.tlog\link.command.1.tlog
d:\source\c++\desktop\semestrovaya\semestrovaya\x64\debug\semestrovaya.tlog\link.read.1.tlog
d:\source\c++\desktop\semestrovaya\semestrovaya\x64\debug\semestrovaya.tlog\link.secondary.1.tlog
d:\source\c++\desktop\semestrovaya\semestrovaya\x64\debug\semestrovaya.tlog\link.write.1.tlog
d:\source\c++\desktop\semestrovaya\semestrovaya\x64\debug\semestrovaya.tlog\metagen.read.1.tlog
d:\source\c++\desktop\semestrovaya\semestrovaya\x64\debug\semestrovaya.tlog\metagen.write.1.tlog
d:\source\c++\desktop\semestrovaya\semestrovaya\x64\debug\semestrovaya.tlog\resgen.command.1.tlog
d:\source\c++\desktop\semestrovaya\semestrovaya\x64\debug\semestrovaya.tlog\resgen.read.1.tlog
d:\source\c++\desktop\semestrovaya\semestrovaya\x64\debug\semestrovaya.tlog\resgen.write.1.tlog
